[2020-06-26 15:29:29] [main] com.study.interview.rabbitmq.RabbitmqApplication 55 - Starting RabbitmqApplication on alicedeMacBook-Air.local with PID 4474 (/Users/alice/Downloads/git/code/interview/interview-rabbitmq/target/classes started by alice in /Users/alice/Downloads/git/code/interview/interview-rabbitmq) 
[2020-06-26 15:29:29] [main] com.study.interview.rabbitmq.RabbitmqApplication 651 - No active profile set, falling back to default profiles: default 
[2020-06-26 15:29:32] [main] org.springframework.boot.web.embedded.tomcat.TomcatWebServer 108 - Tomcat initialized with port(s): 8080 (http) 
[2020-06-26 15:29:32] [main] org.apache.coyote.http11.Http11NioProtocol 173 - Initializing ProtocolHandler ["http-nio-8080"] 
[2020-06-26 15:29:32] [main] org.apache.catalina.core.StandardService 173 - Starting service [Tomcat] 
[2020-06-26 15:29:32] [main] org.apache.catalina.core.StandardEngine 173 - Starting Servlet engine: [Apache Tomcat/9.0.35] 
[2020-06-26 15:29:32] [main] org.apache.catalina.core.ContainerBase.[Tomcat].[localhost].[/] 173 - Initializing Spring embedded WebApplicationContext 
[2020-06-26 15:29:32] [main] org.springframework.web.context.ContextLoader 284 - Root WebApplicationContext: initialization completed in 3648 ms 
[2020-06-26 15:29:34] [main] org.springframework.scheduling.concurrent.ThreadPoolTaskExecutor 181 - Initializing ExecutorService 'applicationTaskExecutor' 
[2020-06-26 15:29:34] [main] org.springframework.boot.actuate.endpoint.web.EndpointLinksResolver 58 - Exposing 2 endpoint(s) beneath base path '/actuator' 
[2020-06-26 15:29:35] [main] org.apache.coyote.http11.Http11NioProtocol 173 - Starting ProtocolHandler ["http-nio-8080"] 
[2020-06-26 15:29:35] [main] org.springframework.boot.web.embedded.tomcat.TomcatWebServer 220 - Tomcat started on port(s): 8080 (http) with context path '' 
[2020-06-26 15:29:35] [main] com.study.interview.rabbitmq.RabbitmqApplication 61 - Started RabbitmqApplication in 7.598 seconds (JVM running for 8.449) 
[2020-06-26 15:30:00] [main] com.study.interview.rabbitmq.RabbitmqApplication 55 - Starting RabbitmqApplication on alicedeMacBook-Air.local with PID 4481 (/Users/alice/Downloads/git/code/interview/interview-rabbitmq/target/classes started by alice in /Users/alice/Downloads/git/code/interview/interview-rabbitmq) 
[2020-06-26 15:30:00] [main] com.study.interview.rabbitmq.RabbitmqApplication 651 - No active profile set, falling back to default profiles: default 
[2020-06-26 15:30:01] [main] org.springframework.boot.web.embedded.tomcat.TomcatWebServer 108 - Tomcat initialized with port(s): 8080 (http) 
[2020-06-26 15:30:01] [main] org.apache.coyote.http11.Http11NioProtocol 173 - Initializing ProtocolHandler ["http-nio-8080"] 
[2020-06-26 15:30:01] [main] org.apache.catalina.core.StandardService 173 - Starting service [Tomcat] 
[2020-06-26 15:30:01] [main] org.apache.catalina.core.StandardEngine 173 - Starting Servlet engine: [Apache Tomcat/9.0.35] 
[2020-06-26 15:30:01] [main] org.apache.catalina.core.ContainerBase.[Tomcat].[localhost].[/] 173 - Initializing Spring embedded WebApplicationContext 
[2020-06-26 15:30:01] [main] org.springframework.web.context.ContextLoader 284 - Root WebApplicationContext: initialization completed in 1104 ms 
[2020-06-26 15:30:01] [main] org.springframework.scheduling.concurrent.ThreadPoolTaskExecutor 181 - Initializing ExecutorService 'applicationTaskExecutor' 
[2020-06-26 15:30:02] [main] org.springframework.boot.actuate.endpoint.web.EndpointLinksResolver 58 - Exposing 2 endpoint(s) beneath base path '/actuator' 
[2020-06-26 15:30:02] [main] org.apache.coyote.http11.Http11NioProtocol 173 - Starting ProtocolHandler ["http-nio-8080"] 
[2020-06-26 15:30:02] [main] org.springframework.boot.web.embedded.tomcat.TomcatWebServer 220 - Tomcat started on port(s): 8080 (http) with context path '' 
[2020-06-26 15:30:02] [main] org.springframework.amqp.rabbit.connection.CachingConnectionFactory 524 - Attempting to connect to: [47.111.176.126:5672] 
[2020-06-26 15:30:02] [main] org.springframework.amqp.rabbit.connection.CachingConnectionFactory 497 - Created new connection: rabbitConnectionFactory#35178483:0/SimpleConnection@18d910b3 [delegate=amqp://huangwj@47.111.176.126:5672/, localPort= 56605] 
[2020-06-26 15:30:02] [main] com.study.interview.rabbitmq.RabbitmqApplication 61 - Started RabbitmqApplication in 3.154 seconds (JVM running for 3.507) 
[2020-06-26 15:30:02] [org.springframework.amqp.rabbit.RabbitListenerEndpointContainer#0-1] com.study.interview.rabbitmq.controller.RabbitmqController 39 - receive message [(Body:'123' MessageProperties [headers={}, contentType=text/plain, contentEncoding=UTF-8, contentLength=0, receivedDeliveryMode=PERSISTENT, priority=0, redelivered=false, receivedExchange=exchange, receivedRoutingKey=routingKey, deliveryTag=1, consumerTag=amq.ctag-zElXRVSecZsHRFburN4Bzw, consumerQueue=queue])] 
[2020-06-26 15:30:02] [org.springframework.amqp.rabbit.RabbitListenerEndpointContainer#0-1] com.study.interview.rabbitmq.controller.RabbitmqController 39 - receive message [(Body:'123' MessageProperties [headers={spring_returned_message_correlation=6e6e2483782c4cefbbd10d97d8475d98}, contentType=text/plain, contentEncoding=UTF-8, contentLength=0, receivedDeliveryMode=PERSISTENT, priority=0, redelivered=false, receivedExchange=exchange, receivedRoutingKey=routingKey, deliveryTag=2, consumerTag=amq.ctag-zElXRVSecZsHRFburN4Bzw, consumerQueue=queue])] 
[2020-06-26 15:30:23] [http-nio-8080-exec-1] org.apache.catalina.core.ContainerBase.[Tomcat].[localhost].[/] 173 - Initializing Spring DispatcherServlet 'dispatcherServlet' 
[2020-06-26 15:30:23] [http-nio-8080-exec-1] org.springframework.web.servlet.DispatcherServlet 525 - Initializing Servlet 'dispatcherServlet' 
[2020-06-26 15:30:23] [http-nio-8080-exec-1] org.springframework.web.servlet.DispatcherServlet 547 - Completed initialization in 22 ms 
[2020-06-26 15:30:23] [http-nio-8080-exec-1] com.study.interview.rabbitmq.controller.RabbitmqController 32 - correlationData:CorrelationData [id=eb4363dd3ed14cd69e63f732f92d5480] 
[2020-06-26 15:30:23] [org.springframework.amqp.rabbit.RabbitListenerEndpointContainer#0-1] com.study.interview.rabbitmq.controller.RabbitmqController 39 - receive message [(Body:'123' MessageProperties [headers={spring_returned_message_correlation=eb4363dd3ed14cd69e63f732f92d5480}, contentType=text/plain, contentEncoding=UTF-8, contentLength=0, receivedDeliveryMode=PERSISTENT, priority=0, redelivered=false, receivedExchange=exchange, receivedRoutingKey=routingKey, deliveryTag=3, consumerTag=amq.ctag-zElXRVSecZsHRFburN4Bzw, consumerQueue=queue])] 
[2020-06-26 15:30:23] [rabbitConnectionFactory1] com.study.interview.rabbitmq.config.RabbitmqConfig 54 - Confirm={}, ack={} 
[2020-06-26 15:31:13] [main] com.study.interview.rabbitmq.RabbitmqApplication 55 - Starting RabbitmqApplication on alicedeMacBook-Air.local with PID 4495 (/Users/alice/Downloads/git/code/interview/interview-rabbitmq/target/classes started by alice in /Users/alice/Downloads/git/code/interview/interview-rabbitmq) 
[2020-06-26 15:31:13] [main] com.study.interview.rabbitmq.RabbitmqApplication 651 - No active profile set, falling back to default profiles: default 
[2020-06-26 15:31:14] [main] org.springframework.boot.web.embedded.tomcat.TomcatWebServer 108 - Tomcat initialized with port(s): 8080 (http) 
[2020-06-26 15:31:14] [main] org.apache.coyote.http11.Http11NioProtocol 173 - Initializing ProtocolHandler ["http-nio-8080"] 
[2020-06-26 15:31:14] [main] org.apache.catalina.core.StandardService 173 - Starting service [Tomcat] 
[2020-06-26 15:31:14] [main] org.apache.catalina.core.StandardEngine 173 - Starting Servlet engine: [Apache Tomcat/9.0.35] 
[2020-06-26 15:31:14] [main] org.apache.catalina.core.ContainerBase.[Tomcat].[localhost].[/] 173 - Initializing Spring embedded WebApplicationContext 
[2020-06-26 15:31:14] [main] org.springframework.web.context.ContextLoader 284 - Root WebApplicationContext: initialization completed in 1085 ms 
[2020-06-26 15:31:15] [main] org.springframework.scheduling.concurrent.ThreadPoolTaskExecutor 181 - Initializing ExecutorService 'applicationTaskExecutor' 
[2020-06-26 15:31:15] [main] org.springframework.boot.actuate.endpoint.web.EndpointLinksResolver 58 - Exposing 2 endpoint(s) beneath base path '/actuator' 
[2020-06-26 15:31:15] [main] org.apache.coyote.http11.Http11NioProtocol 173 - Starting ProtocolHandler ["http-nio-8080"] 
[2020-06-26 15:31:15] [main] org.springframework.boot.web.embedded.tomcat.TomcatWebServer 220 - Tomcat started on port(s): 8080 (http) with context path '' 
[2020-06-26 15:31:15] [main] org.springframework.amqp.rabbit.connection.CachingConnectionFactory 524 - Attempting to connect to: [47.111.176.126:5672] 
[2020-06-26 15:31:15] [main] org.springframework.amqp.rabbit.connection.CachingConnectionFactory 497 - Created new connection: rabbitConnectionFactory#39651a82:0/SimpleConnection@7ceb4478 [delegate=amqp://huangwj@47.111.176.126:5672/, localPort= 56615] 
[2020-06-26 15:31:15] [main] com.study.interview.rabbitmq.RabbitmqApplication 61 - Started RabbitmqApplication in 2.67 seconds (JVM running for 3.005) 
[2020-06-26 15:31:21] [http-nio-8080-exec-1] org.apache.catalina.core.ContainerBase.[Tomcat].[localhost].[/] 173 - Initializing Spring DispatcherServlet 'dispatcherServlet' 
[2020-06-26 15:31:21] [http-nio-8080-exec-1] org.springframework.web.servlet.DispatcherServlet 525 - Initializing Servlet 'dispatcherServlet' 
[2020-06-26 15:31:21] [http-nio-8080-exec-1] org.springframework.web.servlet.DispatcherServlet 547 - Completed initialization in 6 ms 
[2020-06-26 15:31:21] [http-nio-8080-exec-1] com.study.interview.rabbitmq.controller.RabbitmqController 32 - correlationData:CorrelationData [id=617e43a458274715a026c36af84153b1] 
[2020-06-26 15:31:22] [org.springframework.amqp.rabbit.RabbitListenerEndpointContainer#0-1] com.study.interview.rabbitmq.controller.RabbitmqController 39 - receive message [(Body:'123' MessageProperties [headers={spring_returned_message_correlation=617e43a458274715a026c36af84153b1}, contentType=text/plain, contentEncoding=UTF-8, contentLength=0, receivedDeliveryMode=PERSISTENT, priority=0, redelivered=false, receivedExchange=exchange, receivedRoutingKey=routingKey, deliveryTag=1, consumerTag=amq.ctag-Pqk1pu2umJyYPFD3I-Ju9g, consumerQueue=queue])] 
[2020-06-26 15:31:22] [rabbitConnectionFactory1] com.study.interview.rabbitmq.config.RabbitmqConfig 54 - Confirm=CorrelationData [id=617e43a458274715a026c36af84153b1], ack=true 
