[2020-07-02 00:45:12] [main] com.study.interview.eureka.EurekaServerApplication 651 - No active profile set, falling back to default profiles: default 
[2020-07-02 00:45:15] [main] org.springframework.cloud.context.scope.GenericScope 295 - BeanFactory id=3c2412e0-deb3-3c30-8218-138ab1aaef1c 
[2020-07-02 00:45:15] [main] org.springframework.boot.web.embedded.tomcat.TomcatWebServer 108 - Tomcat initialized with port(s): 8081 (http) 
[2020-07-02 00:45:15] [main] org.apache.coyote.http11.Http11NioProtocol 173 - Initializing ProtocolHandler ["http-nio-8081"] 
[2020-07-02 00:45:15] [main] org.apache.catalina.core.StandardService 173 - Starting service [Tomcat] 
[2020-07-02 00:45:15] [main] org.apache.catalina.core.StandardEngine 173 - Starting Servlet engine: [Apache Tomcat/9.0.35] 
[2020-07-02 00:45:16] [main] org.apache.catalina.core.ContainerBase.[Tomcat].[localhost].[/] 173 - Initializing Spring embedded WebApplicationContext 
[2020-07-02 00:45:16] [main] org.springframework.web.context.ContextLoader 284 - Root WebApplicationContext: initialization completed in 4353 ms 
[2020-07-02 00:45:16] [main] com.netflix.config.sources.URLConfigurationSource 122 - To enable URLs as dynamic configuration sources, define System property archaius.configurationSource.additionalUrls or make config.properties available on classpath. 
[2020-07-02 00:45:16] [main] com.netflix.config.DynamicPropertyFactory 281 - DynamicPropertyFactory is initialized with configuration sources: com.netflix.config.ConcurrentCompositeConfiguration@29a1505c 
[2020-07-02 00:45:17] [main] com.sun.jersey.server.impl.application.WebApplicationImpl 815 - Initiating Jersey application, version 'Jersey: 1.19.1 03/11/2016 02:08 PM' 
[2020-07-02 00:45:17] [main] com.netflix.discovery.provider.DiscoveryJerseyProvider 70 - Using JSON encoding codec LegacyJacksonJson 
[2020-07-02 00:45:17] [main] com.netflix.discovery.provider.DiscoveryJerseyProvider 71 - Using JSON decoding codec LegacyJacksonJson 
[2020-07-02 00:45:18] [main] com.netflix.discovery.provider.DiscoveryJerseyProvider 80 - Using XML encoding codec XStreamXml 
[2020-07-02 00:45:18] [main] com.netflix.discovery.provider.DiscoveryJerseyProvider 81 - Using XML decoding codec XStreamXml 
[2020-07-02 00:45:19] [main] com.netflix.config.sources.URLConfigurationSource 122 - To enable URLs as dynamic configuration sources, define System property archaius.configurationSource.additionalUrls or make config.properties available on classpath. 
[2020-07-02 00:45:19] [main] org.springframework.scheduling.concurrent.ThreadPoolTaskExecutor 181 - Initializing ExecutorService 'applicationTaskExecutor' 
[2020-07-02 00:45:21] [main] org.springframework.cloud.netflix.eureka.InstanceInfoFactory 72 - Setting initial instance status as: STARTING 
[2020-07-02 00:45:21] [main] com.netflix.discovery.DiscoveryClient 368 - Initializing Eureka in region us-east-1 
[2020-07-02 00:45:21] [main] com.netflix.discovery.provider.DiscoveryJerseyProvider 70 - Using JSON encoding codec LegacyJacksonJson 
[2020-07-02 00:45:21] [main] com.netflix.discovery.provider.DiscoveryJerseyProvider 71 - Using JSON decoding codec LegacyJacksonJson 
[2020-07-02 00:45:21] [main] com.netflix.discovery.provider.DiscoveryJerseyProvider 80 - Using XML encoding codec XStreamXml 
[2020-07-02 00:45:21] [main] com.netflix.discovery.provider.DiscoveryJerseyProvider 81 - Using XML decoding codec XStreamXml 
[2020-07-02 00:45:21] [main] com.netflix.discovery.shared.resolver.aws.ConfigClusterResolver 43 - Resolving eureka endpoints via configuration 
[2020-07-02 00:45:21] [main] com.netflix.discovery.DiscoveryClient 1294 - Starting heartbeat executor: renew interval is: 30 
[2020-07-02 00:45:21] [main] com.netflix.discovery.InstanceInfoReplicator 60 - InstanceInfoReplicator onDemand update allowed rate per min is 4 
[2020-07-02 00:45:21] [main] com.netflix.discovery.DiscoveryClient 468 - Discovery Client initialized at timestamp 1593621921794 with initial instances count: 0 
[2020-07-02 00:45:21] [main] com.netflix.eureka.DefaultEurekaServerContext 66 - Initializing ... 
[2020-07-02 00:45:21] [main] com.netflix.eureka.cluster.PeerEurekaNodes 187 - Adding new peer nodes [http://127.0.0.1:8081/eureka/] 
[2020-07-02 00:45:21] [main] com.netflix.discovery.provider.DiscoveryJerseyProvider 70 - Using JSON encoding codec LegacyJacksonJson 
[2020-07-02 00:45:21] [main] com.netflix.discovery.provider.DiscoveryJerseyProvider 71 - Using JSON decoding codec LegacyJacksonJson 
[2020-07-02 00:45:21] [main] com.netflix.discovery.provider.DiscoveryJerseyProvider 80 - Using XML encoding codec XStreamXml 
[2020-07-02 00:45:21] [main] com.netflix.discovery.provider.DiscoveryJerseyProvider 81 - Using XML decoding codec XStreamXml 
[2020-07-02 00:45:22] [main] com.netflix.eureka.cluster.PeerEurekaNodes 109 - Replica node URL:  http://127.0.0.1:8081/eureka/ 
[2020-07-02 00:45:22] [main] com.netflix.eureka.registry.AbstractInstanceRegistry 153 - Finished initializing remote region registries. All known remote regions: [] 
[2020-07-02 00:45:22] [main] com.netflix.eureka.DefaultEurekaServerContext 73 - Initialized 
[2020-07-02 00:45:22] [main] org.springframework.boot.actuate.endpoint.web.EndpointLinksResolver 58 - Exposing 2 endpoint(s) beneath base path '/actuator' 
[2020-07-02 00:45:22] [main] org.springframework.cloud.netflix.eureka.serviceregistry.EurekaServiceRegistry 41 - Registering application INTERVIEW-EUREKA-SERVER with eureka with status UP 
[2020-07-02 00:45:22] [main] com.netflix.discovery.DiscoveryClient 1330 - Saw local status change event StatusChangeEvent [timestamp=1593621922113, current=UP, previous=STARTING] 
[2020-07-02 00:45:22] [DiscoveryClient-InstanceInfoReplicator-0] com.netflix.discovery.DiscoveryClient 847 - DiscoveryClient_INTERVIEW-EUREKA-SERVER/192.168.31.179:interview-eureka-server:8081: registering service... 
[2020-07-02 00:45:22] [Thread-407] org.springframework.cloud.netflix.eureka.server.EurekaServerBootstrap 110 - Setting the eureka configuration.. 
[2020-07-02 00:45:22] [main] org.apache.coyote.http11.Http11NioProtocol 173 - Starting ProtocolHandler ["http-nio-8081"] 
[2020-07-02 00:45:22] [Thread-407] org.springframework.cloud.netflix.eureka.server.EurekaServerBootstrap 115 - Eureka data center value eureka.datacenter is not set, defaulting to default 
[2020-07-02 00:45:22] [Thread-407] org.springframework.cloud.netflix.eureka.server.EurekaServerBootstrap 129 - Eureka environment value eureka.environment is not set, defaulting to test 
[2020-07-02 00:45:22] [Thread-407] org.springframework.cloud.netflix.eureka.server.EurekaServerBootstrap 188 - isAws returned false 
[2020-07-02 00:45:22] [Thread-407] org.springframework.cloud.netflix.eureka.server.EurekaServerBootstrap 153 - Initialized server context 
[2020-07-02 00:45:22] [main] org.springframework.boot.web.embedded.tomcat.TomcatWebServer 220 - Tomcat started on port(s): 8081 (http) with context path '' 
[2020-07-02 00:45:22] [main] org.springframework.cloud.netflix.eureka.serviceregistry.EurekaAutoServiceRegistration 145 - Updating port to 8081 
[2020-07-02 00:45:22] [main] com.study.interview.eureka.EurekaServerApplication 61 - Started EurekaServerApplication in 12.884 seconds (JVM running for 14.364) 
[2020-07-02 00:45:22] [http-nio-8081-exec-1] org.apache.catalina.core.ContainerBase.[Tomcat].[localhost].[/] 173 - Initializing Spring DispatcherServlet 'dispatcherServlet' 
[2020-07-02 00:45:22] [http-nio-8081-exec-1] org.springframework.web.servlet.DispatcherServlet 525 - Initializing Servlet 'dispatcherServlet' 
[2020-07-02 00:45:22] [http-nio-8081-exec-1] org.springframework.web.servlet.DispatcherServlet 547 - Completed initialization in 22 ms 
[2020-07-02 00:45:22] [http-nio-8081-exec-1] com.netflix.eureka.registry.AbstractInstanceRegistry 266 - Registered instance INTERVIEW-EUREKA-SERVER/192.168.31.179:interview-eureka-server:8081 with status UP (replication=false) 
[2020-07-02 00:45:22] [DiscoveryClient-InstanceInfoReplicator-0] com.netflix.discovery.DiscoveryClient 856 - DiscoveryClient_INTERVIEW-EUREKA-SERVER/192.168.31.179:interview-eureka-server:8081 - registration status: 204 
[2020-07-02 00:45:23] [http-nio-8081-exec-2] com.netflix.eureka.registry.AbstractInstanceRegistry 266 - Registered instance INTERVIEW-EUREKA-SERVER/192.168.31.179:interview-eureka-server:8081 with status UP (replication=true) 
[2020-07-02 00:47:22] [Thread-407] com.netflix.eureka.registry.PeerAwareInstanceRegistryImpl 242 - Got 1 instances from neighboring DS node 
[2020-07-02 00:47:22] [Thread-407] com.netflix.eureka.registry.PeerAwareInstanceRegistryImpl 243 - Renew threshold is: 1 
[2020-07-02 00:47:22] [Thread-407] com.netflix.eureka.registry.PeerAwareInstanceRegistryImpl 254 - Changing status to UP 
[2020-07-02 00:47:22] [Thread-407] org.springframework.cloud.netflix.eureka.server.EurekaServerInitializerConfiguration 72 - Started Eureka Server 
[2020-07-02 00:48:22] [Eureka-EvictionTimer] com.netflix.eureka.registry.AbstractInstanceRegistry 1247 - Running the evict task with compensationTime 0ms 
[2020-07-02 00:49:22] [Eureka-EvictionTimer] com.netflix.eureka.registry.AbstractInstanceRegistry 1247 - Running the evict task with compensationTime 0ms 
[2020-07-02 00:50:22] [AsyncResolver-bootstrap-executor-0] com.netflix.discovery.shared.resolver.aws.ConfigClusterResolver 43 - Resolving eureka endpoints via configuration 
[2020-07-02 00:50:22] [Eureka-EvictionTimer] com.netflix.eureka.registry.AbstractInstanceRegistry 1247 - Running the evict task with compensationTime 2ms 
[2020-07-02 00:51:18] [http-nio-8081-exec-6] com.netflix.eureka.registry.AbstractInstanceRegistry 266 - Registered instance INTERVIEW-CONFIG/192.168.31.179:interview-config:8083 with status UP (replication=false) 
[2020-07-02 00:51:19] [http-nio-8081-exec-7] com.netflix.eureka.registry.AbstractInstanceRegistry 266 - Registered instance INTERVIEW-CONFIG/192.168.31.179:interview-config:8083 with status UP (replication=true) 
[2020-07-02 00:51:22] [Eureka-EvictionTimer] com.netflix.eureka.registry.AbstractInstanceRegistry 1247 - Running the evict task with compensationTime 3ms 
[2020-07-02 00:52:22] [Eureka-EvictionTimer] com.netflix.eureka.registry.AbstractInstanceRegistry 1247 - Running the evict task with compensationTime 4ms 
[2020-07-02 00:53:22] [Eureka-EvictionTimer] com.netflix.eureka.registry.AbstractInstanceRegistry 1247 - Running the evict task with compensationTime 1ms 
[2020-07-02 00:54:22] [Eureka-EvictionTimer] com.netflix.eureka.registry.AbstractInstanceRegistry 1247 - Running the evict task with compensationTime 0ms 
[2020-07-02 00:55:22] [AsyncResolver-bootstrap-executor-0] com.netflix.discovery.shared.resolver.aws.ConfigClusterResolver 43 - Resolving eureka endpoints via configuration 
[2020-07-02 00:55:22] [Eureka-EvictionTimer] com.netflix.eureka.registry.AbstractInstanceRegistry 1247 - Running the evict task with compensationTime 4ms 
[2020-07-02 00:56:22] [Eureka-EvictionTimer] com.netflix.eureka.registry.AbstractInstanceRegistry 1247 - Running the evict task with compensationTime 3ms 
[2020-07-02 00:57:15] [http-nio-8081-exec-5] com.netflix.eureka.registry.AbstractInstanceRegistry 266 - Registered instance INTERVIEW-CONFIG/192.168.31.179:interview-config:8083 with status UP (replication=false) 
[2020-07-02 00:57:16] [http-nio-8081-exec-6] com.netflix.eureka.registry.AbstractInstanceRegistry 266 - Registered instance INTERVIEW-CONFIG/192.168.31.179:interview-config:8083 with status UP (replication=true) 
[2020-07-02 00:57:22] [Eureka-EvictionTimer] com.netflix.eureka.registry.AbstractInstanceRegistry 1247 - Running the evict task with compensationTime 3ms 
[2020-07-02 00:58:22] [Eureka-EvictionTimer] com.netflix.eureka.registry.AbstractInstanceRegistry 1247 - Running the evict task with compensationTime 4ms 
[2020-07-02 00:59:22] [Eureka-EvictionTimer] com.netflix.eureka.registry.AbstractInstanceRegistry 1247 - Running the evict task with compensationTime 2ms 
[2020-07-02 01:00:22] [ReplicaAwareInstanceRegistry - RenewalThresholdUpdater] com.netflix.eureka.registry.PeerAwareInstanceRegistryImpl 534 - Current renewal threshold is : 3 
[2020-07-02 01:00:22] [AsyncResolver-bootstrap-executor-0] com.netflix.discovery.shared.resolver.aws.ConfigClusterResolver 43 - Resolving eureka endpoints via configuration 
[2020-07-02 01:00:22] [Eureka-EvictionTimer] com.netflix.eureka.registry.AbstractInstanceRegistry 1247 - Running the evict task with compensationTime 0ms 
[2020-07-02 01:01:22] [Eureka-EvictionTimer] com.netflix.eureka.registry.AbstractInstanceRegistry 1247 - Running the evict task with compensationTime 1ms 
[2020-07-02 01:02:22] [Eureka-EvictionTimer] com.netflix.eureka.registry.AbstractInstanceRegistry 1247 - Running the evict task with compensationTime 2ms 
[2020-07-02 01:03:22] [Eureka-EvictionTimer] com.netflix.eureka.registry.AbstractInstanceRegistry 1247 - Running the evict task with compensationTime 0ms 
[2020-07-02 01:04:22] [Eureka-EvictionTimer] com.netflix.eureka.registry.AbstractInstanceRegistry 1247 - Running the evict task with compensationTime 4ms 
[2020-07-02 01:05:22] [AsyncResolver-bootstrap-executor-0] com.netflix.discovery.shared.resolver.aws.ConfigClusterResolver 43 - Resolving eureka endpoints via configuration 
[2020-07-02 01:05:22] [Eureka-EvictionTimer] com.netflix.eureka.registry.AbstractInstanceRegistry 1247 - Running the evict task with compensationTime 3ms 
[2020-07-02 01:06:19] [http-nio-8081-exec-6] com.netflix.eureka.registry.AbstractInstanceRegistry 266 - Registered instance INTERVIEW-CONFIG/192.168.31.179:interview-config:8083 with status UP (replication=false) 
[2020-07-02 01:06:20] [http-nio-8081-exec-8] com.netflix.eureka.registry.AbstractInstanceRegistry 266 - Registered instance INTERVIEW-CONFIG/192.168.31.179:interview-config:8083 with status UP (replication=true) 
[2020-07-02 01:06:22] [Eureka-EvictionTimer] com.netflix.eureka.registry.AbstractInstanceRegistry 1247 - Running the evict task with compensationTime 4ms 
[2020-07-02 01:07:22] [Eureka-EvictionTimer] com.netflix.eureka.registry.AbstractInstanceRegistry 1247 - Running the evict task with compensationTime 3ms 
[2020-07-02 01:08:22] [Eureka-EvictionTimer] com.netflix.eureka.registry.AbstractInstanceRegistry 1247 - Running the evict task with compensationTime 1ms 
[2020-07-02 01:09:22] [Eureka-EvictionTimer] com.netflix.eureka.registry.AbstractInstanceRegistry 1247 - Running the evict task with compensationTime 3ms 
[2020-07-02 01:10:22] [AsyncResolver-bootstrap-executor-0] com.netflix.discovery.shared.resolver.aws.ConfigClusterResolver 43 - Resolving eureka endpoints via configuration 
[2020-07-02 01:10:22] [Eureka-EvictionTimer] com.netflix.eureka.registry.AbstractInstanceRegistry 1247 - Running the evict task with compensationTime 4ms 
[2020-07-02 01:11:22] [Eureka-EvictionTimer] com.netflix.eureka.registry.AbstractInstanceRegistry 1247 - Running the evict task with compensationTime 0ms 
[2020-07-02 01:12:22] [Eureka-EvictionTimer] com.netflix.eureka.registry.AbstractInstanceRegistry 1247 - Running the evict task with compensationTime 3ms 
[2020-07-02 01:13:22] [Eureka-EvictionTimer] com.netflix.eureka.registry.AbstractInstanceRegistry 1247 - Running the evict task with compensationTime 4ms 
[2020-07-02 01:14:22] [Eureka-EvictionTimer] com.netflix.eureka.registry.AbstractInstanceRegistry 1247 - Running the evict task with compensationTime 4ms 
[2020-07-02 01:15:22] [ReplicaAwareInstanceRegistry - RenewalThresholdUpdater] com.netflix.eureka.registry.PeerAwareInstanceRegistryImpl 534 - Current renewal threshold is : 3 
[2020-07-02 01:15:22] [AsyncResolver-bootstrap-executor-0] com.netflix.discovery.shared.resolver.aws.ConfigClusterResolver 43 - Resolving eureka endpoints via configuration 
[2020-07-02 01:15:22] [Eureka-EvictionTimer] com.netflix.eureka.registry.AbstractInstanceRegistry 1247 - Running the evict task with compensationTime 4ms 
[2020-07-02 01:16:22] [Eureka-EvictionTimer] com.netflix.eureka.registry.AbstractInstanceRegistry 1247 - Running the evict task with compensationTime 3ms 
[2020-07-02 01:17:22] [Eureka-EvictionTimer] com.netflix.eureka.registry.AbstractInstanceRegistry 1247 - Running the evict task with compensationTime 0ms 
[2020-07-02 01:18:22] [Eureka-EvictionTimer] com.netflix.eureka.registry.AbstractInstanceRegistry 1247 - Running the evict task with compensationTime 3ms 
[2020-07-02 01:19:22] [Eureka-EvictionTimer] com.netflix.eureka.registry.AbstractInstanceRegistry 1247 - Running the evict task with compensationTime 0ms 
[2020-07-02 01:20:22] [AsyncResolver-bootstrap-executor-0] com.netflix.discovery.shared.resolver.aws.ConfigClusterResolver 43 - Resolving eureka endpoints via configuration 
[2020-07-02 01:20:22] [Eureka-EvictionTimer] com.netflix.eureka.registry.AbstractInstanceRegistry 1247 - Running the evict task with compensationTime 0ms 
[2020-07-02 01:21:22] [Eureka-EvictionTimer] com.netflix.eureka.registry.AbstractInstanceRegistry 1247 - Running the evict task with compensationTime 5ms 
[2020-07-02 01:22:22] [Eureka-EvictionTimer] com.netflix.eureka.registry.AbstractInstanceRegistry 1247 - Running the evict task with compensationTime 2ms 
[2020-07-02 01:23:22] [Eureka-EvictionTimer] com.netflix.eureka.registry.AbstractInstanceRegistry 1247 - Running the evict task with compensationTime 2ms 
[2020-07-02 01:23:59] [http-nio-8081-exec-6] com.netflix.eureka.registry.AbstractInstanceRegistry 266 - Registered instance INTERVIEW-CONFIG/192.168.31.179:interview-config:8083 with status UP (replication=false) 
[2020-07-02 01:23:59] [http-nio-8081-exec-5] com.netflix.eureka.registry.AbstractInstanceRegistry 266 - Registered instance INTERVIEW-CONFIG/192.168.31.179:interview-config:8083 with status UP (replication=true) 
[2020-07-02 01:24:22] [Eureka-EvictionTimer] com.netflix.eureka.registry.AbstractInstanceRegistry 1247 - Running the evict task with compensationTime 1ms 
[2020-07-02 01:25:22] [AsyncResolver-bootstrap-executor-0] com.netflix.discovery.shared.resolver.aws.ConfigClusterResolver 43 - Resolving eureka endpoints via configuration 
[2020-07-02 01:25:22] [Eureka-EvictionTimer] com.netflix.eureka.registry.AbstractInstanceRegistry 1247 - Running the evict task with compensationTime 3ms 
[2020-07-02 01:26:22] [Eureka-EvictionTimer] com.netflix.eureka.registry.AbstractInstanceRegistry 1247 - Running the evict task with compensationTime 3ms 
[2020-07-02 01:27:22] [Eureka-EvictionTimer] com.netflix.eureka.registry.AbstractInstanceRegistry 1247 - Running the evict task with compensationTime 3ms 
[2020-07-02 01:28:22] [Eureka-EvictionTimer] com.netflix.eureka.registry.AbstractInstanceRegistry 1247 - Running the evict task with compensationTime 1ms 
[2020-07-02 01:29:22] [Eureka-EvictionTimer] com.netflix.eureka.registry.AbstractInstanceRegistry 1247 - Running the evict task with compensationTime 0ms 
[2020-07-02 01:30:22] [ReplicaAwareInstanceRegistry - RenewalThresholdUpdater] com.netflix.eureka.registry.PeerAwareInstanceRegistryImpl 534 - Current renewal threshold is : 3 
[2020-07-02 01:30:22] [AsyncResolver-bootstrap-executor-0] com.netflix.discovery.shared.resolver.aws.ConfigClusterResolver 43 - Resolving eureka endpoints via configuration 
[2020-07-02 01:30:22] [Eureka-EvictionTimer] com.netflix.eureka.registry.AbstractInstanceRegistry 1247 - Running the evict task with compensationTime 4ms 
[2020-07-02 01:31:22] [Eureka-EvictionTimer] com.netflix.eureka.registry.AbstractInstanceRegistry 1247 - Running the evict task with compensationTime 3ms 
[2020-07-02 01:32:22] [Eureka-EvictionTimer] com.netflix.eureka.registry.AbstractInstanceRegistry 1247 - Running the evict task with compensationTime 3ms 
[2020-07-02 01:33:22] [Eureka-EvictionTimer] com.netflix.eureka.registry.AbstractInstanceRegistry 1247 - Running the evict task with compensationTime 5ms 
[2020-07-02 01:34:22] [Eureka-EvictionTimer] com.netflix.eureka.registry.AbstractInstanceRegistry 1247 - Running the evict task with compensationTime 4ms 
[2020-07-02 01:35:22] [AsyncResolver-bootstrap-executor-0] com.netflix.discovery.shared.resolver.aws.ConfigClusterResolver 43 - Resolving eureka endpoints via configuration 
[2020-07-02 01:35:22] [Eureka-EvictionTimer] com.netflix.eureka.registry.AbstractInstanceRegistry 1247 - Running the evict task with compensationTime 3ms 
[2020-07-02 01:36:22] [Eureka-EvictionTimer] com.netflix.eureka.registry.AbstractInstanceRegistry 1247 - Running the evict task with compensationTime 3ms 
[2020-07-02 01:37:22] [Eureka-EvictionTimer] com.netflix.eureka.registry.AbstractInstanceRegistry 1247 - Running the evict task with compensationTime 0ms 
[2020-07-02 01:38:22] [Eureka-EvictionTimer] com.netflix.eureka.registry.AbstractInstanceRegistry 1247 - Running the evict task with compensationTime 4ms 
[2020-07-02 01:39:22] [Eureka-EvictionTimer] com.netflix.eureka.registry.AbstractInstanceRegistry 1247 - Running the evict task with compensationTime 1ms 
[2020-07-02 01:40:22] [AsyncResolver-bootstrap-executor-0] com.netflix.discovery.shared.resolver.aws.ConfigClusterResolver 43 - Resolving eureka endpoints via configuration 
[2020-07-02 01:40:22] [Eureka-EvictionTimer] com.netflix.eureka.registry.AbstractInstanceRegistry 1247 - Running the evict task with compensationTime 1ms 
[2020-07-02 01:41:22] [Eureka-EvictionTimer] com.netflix.eureka.registry.AbstractInstanceRegistry 1247 - Running the evict task with compensationTime 4ms 
[2020-07-02 01:42:22] [Eureka-EvictionTimer] com.netflix.eureka.registry.AbstractInstanceRegistry 1247 - Running the evict task with compensationTime 3ms 
[2020-07-02 01:43:22] [Eureka-EvictionTimer] com.netflix.eureka.registry.AbstractInstanceRegistry 1247 - Running the evict task with compensationTime 0ms 
[2020-07-02 01:44:22] [Eureka-EvictionTimer] com.netflix.eureka.registry.AbstractInstanceRegistry 1247 - Running the evict task with compensationTime 0ms 
[2020-07-02 01:45:22] [ReplicaAwareInstanceRegistry - RenewalThresholdUpdater] com.netflix.eureka.registry.PeerAwareInstanceRegistryImpl 534 - Current renewal threshold is : 3 
[2020-07-02 01:45:22] [AsyncResolver-bootstrap-executor-0] com.netflix.discovery.shared.resolver.aws.ConfigClusterResolver 43 - Resolving eureka endpoints via configuration 
[2020-07-02 01:45:22] [Eureka-EvictionTimer] com.netflix.eureka.registry.AbstractInstanceRegistry 1247 - Running the evict task with compensationTime 0ms 
